<?xml version="1.0" encoding="UTF-8"?>
<!-- Generated by org.testng.reporters.JUnitReportReporter -->
<testsuite skipped="0" hostname="KALAMSIR-PC" name="mypack.Test3" tests="1" failures="0" timestamp="2021-12-06T09:31:25 IST" time="0.053" errors="0">
  <testcase name="method" time="0.053" classname="mypack.Test3"/>
  <system-out/>
</testsuite> <!-- mypack.Test3 -->
