<?xml version="1.0" encoding="UTF-8"?>
<!-- Generated by org.testng.reporters.JUnitReportReporter -->
<testsuite skipped="0" hostname="KALAMSIR-PC" name="mypack.Test5" tests="1" failures="0" timestamp="2021-02-14T12:19:51 IST" time="88.532" errors="0">
  <testcase name="method" time="88.532" classname="mypack.Test5"/>
  <system-out/>
</testsuite> <!-- mypack.Test5 -->
