<?xml version="1.0" encoding="UTF-8"?>
<!-- Generated by org.testng.reporters.JUnitReportReporter -->
<testsuite skipped="0" hostname="KALAMSIR-PC" name="mypack.Test4" tests="1" failures="0" timestamp="2021-12-09T12:03:07 IST" time="44.929" errors="0">
  <testcase name="method" time="44.929" classname="mypack.Test4"/>
  <system-out/>
</testsuite> <!-- mypack.Test4 -->
