<?xml version="1.0" encoding="UTF-8"?>
<!-- Generated by org.testng.reporters.JUnitReportReporter -->
<testsuite skipped="0" hostname="KALAMSIR-PC" name="mypack.Test6" tests="1" failures="0" timestamp="2021-02-14T12:42:09 IST" time="44.171" errors="0">
  <testcase name="method" time="44.171" classname="mypack.Test6"/>
  <system-out/>
</testsuite> <!-- mypack.Test6 -->
